<?xml version="1.0" encoding="UTF-8"?>
<testng-results ignored="0" total="1" passed="1" failed="0" skipped="0">
  <reporter-output>
  </reporter-output>
  <suite started-at="2022-03-17T15:44:44 IST" name="Default suite" finished-at="2022-03-17T15:45:05 IST" duration-ms="21565">
    <groups>
    </groups>
    <test started-at="2022-03-17T15:44:44 IST" name="Default test" finished-at="2022-03-17T15:45:05 IST" duration-ms="21565">
      <class name="org.selenium.TestTest">
        <test-method signature="checkoutDBT()[pri:0, instance:org.selenium.TestTest@6da21078]" started-at="2022-03-17T15:44:44 IST" name="checkoutDBT" finished-at="2022-03-17T15:45:05 IST" duration-ms="21512" status="PASS">
          <reporter-output>
          </reporter-output>
        </test-method> <!-- checkoutDBT -->
      </class> <!-- org.selenium.TestTest -->
    </test> <!-- Default test -->
  </suite> <!-- Default suite -->
</testng-results>
